MIG: 03:18:33 : xml_input_file: mig.prj
MIG: 03:18:34 : Absolute path of xml_input_file: f:/LEON3/grlib-gpl-2018.1-b4217/designs/leon3-digilent-nexys-video/vivado/mig.prj
MIG: 03:18:34 : xml_input_file: mig.prj
MIG: 03:18:34 : Absolute path of xml_input_file: f:/LEON3/grlib-gpl-2018.1-b4217/designs/leon3-digilent-nexys-video/vivado/mig.prj
MIG: 03:18:34 : In updateAllModelParams
MIG: 03:18:34 : ################# RUNNING MIG BATCH ###################
MIG: 03:18:34 : Writing IN file for 'mig'...compDirPath: f:/Vivado/Vivado/2018.2/data/ip/xilinx/mig_7series_v4_0... instDirPath: f:/LEON3/grlib-gpl-2018.1-b4217/designs/leon3-digilent-nexys-video/vivado
MIG: 03:18:34 : synp_flow:  -- synthesis_mode: Other
MIG: 03:18:34 : outputDirectory: f:/LEON3/grlib-gpl-2018.1-b4217/designs/leon3-digilent-nexys-video/vivado/_tmp/
MIG: 03:18:34 : vivado_mode: xpg_pa
MIG: 03:18:34 :  locked true  
MIG: 03:18:34 : HDL Language: Verilog
MIG: 03:18:34 : compInfo: true
MIG: 03:18:34 : Vivado Options xc7a200t sbg484 -1
MIG: 03:18:34 : 1: xc7a200t 2: sbg484 3: -1
MIG: 03:18:34 : relative mig path: coregen/ip/xilinx/other/com/xilinx/ip/mig_7series_v4_0/bin/nt64/mig.exe
MIG: 03:18:34 : xilinx_path: F:/Vivado/Vivado/2018.2/ids_lite/ISE
MIG: 03:18:34 : I am in catch area
MIG: 03:18:34 : Running F:/Vivado/Vivado/2018.2/ids_lite/ISE/coregen/ip/xilinx/other/com/xilinx/ip/mig_7series_v4_0/bin/nt64/mig.exe -cg_exc_inp f:/LEON3/grlib-gpl-2018.1-b4217/designs/leon3-digilent-nexys-video/vivado/xil_txt.in -cg_exc_out f:/LEON3/grlib-gpl-2018.1-b4217/designs/leon3-digilent-nexys-video/vivado/xil_txt.out ... 
MIG: 03:18:46 : XML_INPUT_FILE: f:/LEON3/grlib-gpl-2018.1-b4217/designs/leon3-digilent-nexys-video/vivado/mig.prj
MIG: 03:18:46 : Component_Name: mig
MIG: 03:18:46 : Moving mig ...
MIG: 03:18:46 : Moving mig.veo ...
MIG: 03:18:46 : Moving mig_xmdf.tcl ...
MIG: 03:18:46 : XGUI hdlLanguage: Verilog
MIG: 03:18:46 : xgui vivado_mode: xpg_pa
MIG: 03:18:46 : xgui hdlLanguage: Verilog -- hdlExt: v
MIG: 03:18:46 : Reading F:/LEON3/grlib-gpl-2018.1-b4217/designs/leon3-digilent-nexys-video/vivado/mig/user_design/rtl/mig_mig.v ...
MIG: 03:18:48 : 
MIG: 03:18:48 : Inside fn mem: DDR3
MIG: 03:18:48 : detect_uiclk: 100000000
MIG: 03:18:48 : cntrl:  memtype: DDR3
MIG: 03:18:48 : 
MIG: 03:18:48 :  MMCM_VCO single ctrl param_name: MMCM_VCO --  possibleMaxVcoVal: 800 
MIG: 03:18:48 : 
MIG: 03:18:48 : 
MIG: 03:18:48 : 
MIG: 03:18:48 : 
MIG: 03:18:48 :  polarity_value: 1
MIG: 03:18:48 : 
MIG: 03:18:48 : 
MIG: 03:18:48 : cntrl:  memtype: DDR3
MIG: 03:18:48 : 
MIG: 03:18:48 :  Valid Param: DDR3_BANK_WIDTH ==> 3
MIG: 03:18:48 : 
MIG: 03:18:48 :  Valid Param: DDR3_CK_WIDTH ==> 1
MIG: 03:18:48 :  Invalid Param: DDR3_COL_WIDTH ==> 10
MIG: 03:18:48 : 
MIG: 03:18:48 :  Valid Param: DDR3_CS_WIDTH ==> 1
MIG: 03:18:48 : 
MIG: 03:18:48 :  Valid Param: DDR3_nCS_PER_RANK ==> 1
MIG: 03:18:48 : 
MIG: 03:18:48 :  Valid Param: DDR3_CKE_WIDTH ==> 1
MIG: 03:18:48 :  Invalid Param: DDR3_DATA_BUF_ADDR_WIDTH ==> 5
MIG: 03:18:48 :  Invalid Param: DDR3_DQ_CNT_WIDTH ==> 4
MIG: 03:18:48 :  Invalid Param: DDR3_DQ_PER_DM ==> 8
MIG: 03:18:48 : 
MIG: 03:18:48 :  Valid Param: DDR3_DM_WIDTH ==> 2
MIG: 03:18:48 : 
MIG: 03:18:48 :  Valid Param: DDR3_DQ_WIDTH ==> 16
MIG: 03:18:48 : 
MIG: 03:18:48 :  Valid Param: DDR3_DQS_WIDTH ==> 2
MIG: 03:18:48 : 
MIG: 03:18:48 :  Valid Param: DDR3_DQS_CNT_WIDTH ==> 1
MIG: 03:18:48 :  Invalid Param: DDR3_DRAM_WIDTH ==> 8
MIG: 03:18:48 : 
MIG: 03:18:48 :  Valid Param: ECC ==> OFF
MIG: 03:18:48 : 
MIG: 03:18:48 :  Valid Param: DDR3_DATA_WIDTH ==> 16
MIG: 03:18:48 :  Invalid Param: ECC_TEST ==> "OFF"
MIG: 03:18:48 :  Invalid Param: DDR3_PAYLOAD_WIDTH ==> (ECC_TEST == "OFF") ? DATA_WIDTH : DQ_WIDTH
MIG: 03:18:48 :  Invalid Param: DDR3_MEM_ADDR_ORDER ==> "BANK_ROW_COLUMN"
MIG: 03:18:48 :  Invalid Param: DDR3_nBANK_MACHS ==> 4
MIG: 03:18:48 :  Invalid Param: DDR3_RANKS ==> 1
MIG: 03:18:48 : 
MIG: 03:18:48 :  Valid Param: DDR3_ODT_WIDTH ==> 1
MIG: 03:18:48 : 
MIG: 03:18:48 :  Valid Param: DDR3_ROW_WIDTH ==> 15
MIG: 03:18:48 : 
MIG: 03:18:48 :  Valid Param: DDR3_ADDR_WIDTH ==> 29
MIG: 03:18:48 : 
MIG: 03:18:48 :  Valid Param: DDR3_USE_CS_PORT ==> 0
MIG: 03:18:48 : 
MIG: 03:18:48 :  Valid Param: DDR3_USE_DM_PORT ==> 1
MIG: 03:18:48 : 
MIG: 03:18:48 :  Valid Param: DDR3_USE_ODT_PORT ==> 1
MIG: 03:18:48 :  Invalid Param: DDR3_IS_CLK_SHARED ==> "FALSE"
MIG: 03:18:48 :  Invalid Param: DDR3_PHY_CONTROL_MASTER_BANK ==> 0
MIG: 03:18:48 :  Invalid Param: DDR3_MEM_DENSITY ==> "4Gb"
MIG: 03:18:48 :  Invalid Param: DDR3_MEM_SPEEDGRADE ==> "125"
MIG: 03:18:48 :  Invalid Param: DDR3_MEM_DEVICE_WIDTH ==> 16
MIG: 03:18:48 :  Invalid Param: DDR3_AL ==> "0"
MIG: 03:18:48 :  Invalid Param: DDR3_nAL ==> 0
MIG: 03:18:48 :  Invalid Param: DDR3_BURST_MODE ==> "8"
MIG: 03:18:48 :  Invalid Param: DDR3_BURST_TYPE ==> "SEQ"
MIG: 03:18:48 :  Invalid Param: DDR3_CL ==> 6
MIG: 03:18:48 :  Invalid Param: DDR3_CWL ==> 5
MIG: 03:18:48 :  Invalid Param: DDR3_OUTPUT_DRV ==> "HIGH"
MIG: 03:18:48 :  Invalid Param: DDR3_RTT_NOM ==> "40"
MIG: 03:18:48 :  Invalid Param: DDR3_RTT_WR ==> "OFF"
MIG: 03:18:48 :  Invalid Param: DDR3_ADDR_CMD_MODE ==> "1T"
MIG: 03:18:48 : 
MIG: 03:18:48 :  Valid Param: DDR3_REG_CTRL ==> OFF
MIG: 03:18:48 :  Invalid Param: DDR3_CA_MIRROR ==> "OFF"
MIG: 03:18:48 :  Invalid Param: DDR3_VDD_OP_VOLT ==> "150"
MIG: 03:18:48 :  Invalid Param: DDR3_CLKIN_PERIOD ==> 5000
MIG: 03:18:48 :  Invalid Param: DDR3_CLKFBOUT_MULT ==> 4
MIG: 03:18:48 :  Invalid Param: DDR3_DIVCLK_DIVIDE ==> 1
MIG: 03:18:48 :  Invalid Param: DDR3_CLKOUT0_PHASE ==> 0.0
MIG: 03:18:48 :  Invalid Param: DDR3_CLKOUT0_DIVIDE ==> 1
MIG: 03:18:48 :  Invalid Param: DDR3_CLKOUT1_DIVIDE ==> 2
MIG: 03:18:48 :  Invalid Param: DDR3_CLKOUT2_DIVIDE ==> 32
MIG: 03:18:48 :  Invalid Param: DDR3_CLKOUT3_DIVIDE ==> 8
MIG: 03:18:48 :  Invalid Param: DDR3_MMCM_VCO ==> 800
MIG: 03:18:48 :  Invalid Param: DDR3_MMCM_MULT_F ==> 8
MIG: 03:18:48 :  Invalid Param: DDR3_MMCM_DIVCLK_DIVIDE ==> 1
MIG: 03:18:48 :  Invalid Param: DDR3_tCKE ==> 5000
MIG: 03:18:48 :  Invalid Param: DDR3_tFAW ==> 40000
MIG: 03:18:48 :  Invalid Param: DDR3_tPRDI ==> 1_000_000
MIG: 03:18:48 :  Invalid Param: DDR3_tRAS ==> 35000
MIG: 03:18:48 :  Invalid Param: DDR3_tRCD ==> 13750
MIG: 03:18:48 :  Invalid Param: DDR3_tREFI ==> 7800000
MIG: 03:18:48 :  Invalid Param: DDR3_tRFC ==> 260000
MIG: 03:18:48 :  Invalid Param: DDR3_tRP ==> 13750
MIG: 03:18:48 :  Invalid Param: DDR3_tRRD ==> 7500
MIG: 03:18:48 :  Invalid Param: DDR3_tRTP ==> 7500
MIG: 03:18:48 :  Invalid Param: DDR3_tWTR ==> 7500
MIG: 03:18:48 :  Invalid Param: DDR3_tZQI ==> 128_000_000
MIG: 03:18:48 :  Invalid Param: DDR3_tZQCS ==> 64
MIG: 03:18:48 :  Invalid Param: DDR3_SIM_BYPASS_INIT_CAL ==> "OFF"
MIG: 03:18:48 :  Invalid Param: DDR3_SIMULATION ==> "FALSE"
MIG: 03:18:48 :  Invalid Param: DDR3_BYTE_LANES_B0 ==> 4'b1111
MIG: 03:18:48 :  Invalid Param: DDR3_BYTE_LANES_B1 ==> 4'b0000
MIG: 03:18:48 :  Invalid Param: DDR3_BYTE_LANES_B2 ==> 4'b0000
MIG: 03:18:48 :  Invalid Param: DDR3_BYTE_LANES_B3 ==> 4'b0000
MIG: 03:18:48 :  Invalid Param: DDR3_BYTE_LANES_B4 ==> 4'b0000
MIG: 03:18:48 :  Invalid Param: DDR3_DATA_CTL_B0 ==> 4'b1100
MIG: 03:18:48 :  Invalid Param: DDR3_DATA_CTL_B1 ==> 4'b0000
MIG: 03:18:48 :  Invalid Param: DDR3_DATA_CTL_B2 ==> 4'b0000
MIG: 03:18:48 :  Invalid Param: DDR3_DATA_CTL_B3 ==> 4'b0000
MIG: 03:18:48 :  Invalid Param: DDR3_DATA_CTL_B4 ==> 4'b0000
MIG: 03:18:48 :  Invalid Param: DDR3_PHY_0_BITLANES ==> 48'h3F7_3FE_FFF_BFF
MIG: 03:18:48 :  Invalid Param: DDR3_PHY_1_BITLANES ==> 48'h000_000_000_000
MIG: 03:18:48 :  Invalid Param: DDR3_PHY_2_BITLANES ==> 48'h000_000_000_000
MIG: 03:18:48 :  Invalid Param: DDR3_CK_BYTE_MAP ==> 144'h00_00_00_00_00_00_00_00_00_00_00_00_00_00_00_00_00_00
MIG: 03:18:48 :  Invalid Param: DDR3_ADDR_MAP ==> 192'h000_001_005_009_000_011_007_003_004_008_006_00B_01B_015_002_014
MIG: 03:18:48 :  Invalid Param: DDR3_BANK_MAP ==> 36'h010_013_017
MIG: 03:18:48 :  Invalid Param: DDR3_CAS_MAP ==> 12'h016
MIG: 03:18:48 :  Invalid Param: DDR3_CKE_ODT_BYTE_MAP ==> 8'h00
MIG: 03:18:48 :  Invalid Param: DDR3_CKE_MAP ==> 96'h000_000_000_000_000_000_000_012
MIG: 03:18:48 :  Invalid Param: DDR3_ODT_MAP ==> 96'h000_000_000_000_000_000_000_019
MIG: 03:18:48 :  Invalid Param: DDR3_CS_MAP ==> 120'h000_000_000_000_000_000_000_000_000_000
MIG: 03:18:48 :  Invalid Param: DDR3_PARITY_MAP ==> 12'h000
MIG: 03:18:48 :  Invalid Param: DDR3_RAS_MAP ==> 12'h018
MIG: 03:18:48 :  Invalid Param: DDR3_WE_MAP ==> 12'h01A
MIG: 03:18:48 :  Invalid Param: DDR3_DQS_BYTE_MAP ==> 144'h00_00_00_00_00_00_00_00_00_00_00_00_00_00_00_00_03_02
MIG: 03:18:48 :  Invalid Param: DDR3_DATA0_MAP ==> 96'h025_027_023_029_028_024_021_026
MIG: 03:18:48 :  Invalid Param: DDR3_DATA1_MAP ==> 96'h039_035_038_037_034_031_036_030
MIG: 03:18:48 :  Invalid Param: DDR3_DATA2_MAP ==> 96'h000_000_000_000_000_000_000_000
MIG: 03:18:48 :  Invalid Param: DDR3_DATA3_MAP ==> 96'h000_000_000_000_000_000_000_000
MIG: 03:18:48 :  Invalid Param: DDR3_DATA4_MAP ==> 96'h000_000_000_000_000_000_000_000
MIG: 03:18:48 :  Invalid Param: DDR3_DATA5_MAP ==> 96'h000_000_000_000_000_000_000_000
MIG: 03:18:48 :  Invalid Param: DDR3_DATA6_MAP ==> 96'h000_000_000_000_000_000_000_000
MIG: 03:18:48 :  Invalid Param: DDR3_DATA7_MAP ==> 96'h000_000_000_000_000_000_000_000
MIG: 03:18:48 :  Invalid Param: DDR3_DATA8_MAP ==> 96'h000_000_000_000_000_000_000_000
MIG: 03:18:48 :  Invalid Param: DDR3_DATA9_MAP ==> 96'h000_000_000_000_000_000_000_000
MIG: 03:18:48 :  Invalid Param: DDR3_DATA10_MAP ==> 96'h000_000_000_000_000_000_000_000
MIG: 03:18:48 :  Invalid Param: DDR3_DATA11_MAP ==> 96'h000_000_000_000_000_000_000_000
MIG: 03:18:48 :  Invalid Param: DDR3_DATA12_MAP ==> 96'h000_000_000_000_000_000_000_000
MIG: 03:18:48 :  Invalid Param: DDR3_DATA13_MAP ==> 96'h000_000_000_000_000_000_000_000
MIG: 03:18:48 :  Invalid Param: DDR3_DATA14_MAP ==> 96'h000_000_000_000_000_000_000_000
MIG: 03:18:48 :  Invalid Param: DDR3_DATA15_MAP ==> 96'h000_000_000_000_000_000_000_000
MIG: 03:18:48 :  Invalid Param: DDR3_DATA16_MAP ==> 96'h000_000_000_000_000_000_000_000
MIG: 03:18:48 :  Invalid Param: DDR3_DATA17_MAP ==> 96'h000_000_000_000_000_000_000_000
MIG: 03:18:48 :  Invalid Param: DDR3_MASK0_MAP ==> 108'h000_000_000_000_000_000_000_032_022
MIG: 03:18:48 :  Invalid Param: DDR3_MASK1_MAP ==> 108'h000_000_000_000_000_000_000_000_000
MIG: 03:18:48 :  Invalid Param: DDR3_SLOT_0_CONFIG ==> 8'b0000_0001
MIG: 03:18:48 :  Invalid Param: DDR3_SLOT_1_CONFIG ==> 8'b0000_0000
MIG: 03:18:48 :  Invalid Param: DDR3_IBUF_LPWR_MODE ==> "OFF"
MIG: 03:18:48 :  Invalid Param: DDR3_DATA_IO_IDLE_PWRDWN ==> "ON"
MIG: 03:18:48 :  Invalid Param: DDR3_BANK_TYPE ==> "HR_IO"
MIG: 03:18:48 :  Invalid Param: DDR3_DATA_IO_PRIM_TYPE ==> "HR_LP"
MIG: 03:18:48 :  Invalid Param: DDR3_CKE_ODT_AUX ==> "FALSE"
MIG: 03:18:48 :  Invalid Param: DDR3_USER_REFRESH ==> "OFF"
MIG: 03:18:48 :  Invalid Param: DDR3_WRLVL ==> "ON"
MIG: 03:18:48 :  Invalid Param: DDR3_ORDERING ==> "NORM"
MIG: 03:18:48 :  Invalid Param: DDR3_CALIB_ROW_ADD ==> 16'h0000
MIG: 03:18:48 :  Invalid Param: DDR3_CALIB_COL_ADD ==> 12'h000
MIG: 03:18:48 :  Invalid Param: DDR3_CALIB_BA_ADD ==> 3'h0
MIG: 03:18:48 :  Invalid Param: DDR3_TCQ ==> 100
MIG: 03:18:48 :  Invalid Param: DDR3_IDELAY_ADJ ==> "OFF"
MIG: 03:18:48 :  Invalid Param: DDR3_FINE_PER_BIT ==> "OFF"
MIG: 03:18:48 :  Invalid Param: DDR3_CENTER_COMP_MODE ==> "OFF"
MIG: 03:18:48 :  Invalid Param: DDR3_PI_VAL_ADJ ==> "OFF"
MIG: 03:18:48 :  Invalid Param: DDR3_IODELAY_GRP0 ==> "MIG_IODELAY_MIG0"
MIG: 03:18:48 :  Invalid Param: DDR3_IODELAY_GRP1 ==> "MIG_IODELAY_MIG1"
MIG: 03:18:48 :  Invalid Param: DDR3_SYSCLK_TYPE ==> "NO_BUFFER"
MIG: 03:18:48 :  Invalid Param: DDR3_REFCLK_TYPE ==> "USE_SYSTEM_CLOCK"
MIG: 03:18:48 :  Invalid Param: DDR3_SYS_RST_PORT ==> "FALSE"
MIG: 03:18:48 :  Invalid Param: DDR3_FPGA_SPEED_GRADE ==> 1
MIG: 03:18:48 :  Invalid Param: DDR3_CMD_PIPE_PLUS1 ==> "ON"
MIG: 03:18:48 :  Invalid Param: DDR3_DRAM_TYPE ==> "DDR3"
MIG: 03:18:48 :  Invalid Param: DDR3_CAL_WIDTH ==> "HALF"
MIG: 03:18:48 :  Invalid Param: DDR3_STARVE_LIMIT ==> 2
MIG: 03:18:48 :  Invalid Param: DDR3_REF_CLK_MMCM_IODELAY_CTRL ==> "FALSE"
MIG: 03:18:48 :  Invalid Param: DDR3_REFCLK_FREQ ==> 200.0
MIG: 03:18:48 :  Invalid Param: DDR3_DIFF_TERM_REFCLK ==> "TRUE"
MIG: 03:18:48 :  Invalid Param: DDR3_tCK ==> 2500
MIG: 03:18:48 : 
MIG: 03:18:48 :  Valid Param: DDR3_nCK_PER_CLK ==> 4
MIG: 03:18:48 :  Invalid Param: DDR3_DIFF_TERM_SYSCLK ==> "TRUE"
MIG: 03:18:48 : 
MIG: 03:18:48 :  Valid Param: DDR3_DEBUG_PORT ==> OFF
MIG: 03:18:48 : 
MIG: 03:18:48 :  Invalid Param: DDR3_TEMP_MON_CONTROL ==> "INTERNAL"
MIG: 03:18:48 :  Invalid Param: DDR3_FPGA_VOLT_TYPE ==> "N"
MIG: 03:18:48 :  Invalid Param: DDR3_RST_ACT_LOW ==> 1
MIG: 03:18:48 : 
MIG: 03:18:48 : 
MIG: 03:18:48 : 
MIG: 03:18:48 : Same Interface
